  AggPacketMonitor.cpp
C:\Users\tom.giglia\source\repos\AggPacketMonitor\AggPacketMonitor\AggPacketMonitor.cpp(166,25): warning C4129: '(': unrecognized character escape sequence
C:\Users\tom.giglia\source\repos\AggPacketMonitor\AggPacketMonitor\AggPacketMonitor.cpp(166,25): warning C4129: ')': unrecognized character escape sequence
C:\Users\tom.giglia\source\repos\AggPacketMonitor\AggPacketMonitor\AggPacketMonitor.cpp(171,1): warning C4996: 'strcpy': This function or variable may be unsafe. Consider using strcpy_s instead. To disable deprecation, use _CRT_SECURE_NO_WARNINGS. See online help for details.
C:\Program Files (x86)\Windows Kits\10\Include\10.0.18362.0\ucrt\string.h(133): message : see declaration of 'strcpy'
C:\Users\tom.giglia\source\repos\AggPacketMonitor\AggPacketMonitor\AggPacketMonitor.cpp(172,1): warning C4996: 'strcpy': This function or variable may be unsafe. Consider using strcpy_s instead. To disable deprecation, use _CRT_SECURE_NO_WARNINGS. See online help for details.
C:\Program Files (x86)\Windows Kits\10\Include\10.0.18362.0\ucrt\string.h(133): message : see declaration of 'strcpy'
C:\Users\tom.giglia\source\repos\AggPacketMonitor\AggPacketMonitor\AggPacketMonitor.cpp(232,1): warning C4996: 'scanf': This function or variable may be unsafe. Consider using scanf_s instead. To disable deprecation, use _CRT_SECURE_NO_WARNINGS. See online help for details.
C:\Program Files (x86)\Windows Kits\10\Include\10.0.18362.0\ucrt\stdio.h(1274): message : see declaration of 'scanf'
C:\Users\tom.giglia\source\repos\AggPacketMonitor\AggPacketMonitor\AggPacketMonitor.cpp(348,38): warning C4267: 'initializing': conversion from 'size_t' to 'unsigned long', possible loss of data
C:\Users\tom.giglia\source\repos\AggPacketMonitor\AggPacketMonitor\AggPacketMonitor.cpp(359,1): warning C4996: 'strcpy': This function or variable may be unsafe. Consider using strcpy_s instead. To disable deprecation, use _CRT_SECURE_NO_WARNINGS. See online help for details.
C:\Program Files (x86)\Windows Kits\10\Include\10.0.18362.0\ucrt\string.h(133): message : see declaration of 'strcpy'
C:\Users\tom.giglia\source\repos\AggPacketMonitor\AggPacketMonitor\AggPacketMonitor.cpp(434,1): warning C4996: 'strcpy': This function or variable may be unsafe. Consider using strcpy_s instead. To disable deprecation, use _CRT_SECURE_NO_WARNINGS. See online help for details.
C:\Program Files (x86)\Windows Kits\10\Include\10.0.18362.0\ucrt\string.h(133): message : see declaration of 'strcpy'
C:\Users\tom.giglia\source\repos\AggPacketMonitor\AggPacketMonitor\AggPacketMonitor.cpp(407,10): warning C4101: 'offset': unreferenced local variable
C:\Users\tom.giglia\source\repos\AggPacketMonitor\AggPacketMonitor\AggPacketMonitor.cpp(410,9): warning C4101: 'offsetShifted': unreferenced local variable
C:\Users\tom.giglia\source\repos\AggPacketMonitor\AggPacketMonitor\AggPacketMonitor.cpp(410,24): warning C4101: 'ucOffset': unreferenced local variable
C:\Users\tom.giglia\source\repos\AggPacketMonitor\AggPacketMonitor\AggPacketMonitor.cpp(409,10): warning C4101: 'leftOffSet': unreferenced local variable
C:\Users\tom.giglia\source\repos\AggPacketMonitor\AggPacketMonitor\AggPacketMonitor.cpp(502,24): warning C4267: 'initializing': conversion from 'size_t' to 'int', possible loss of data
C:\Users\tom.giglia\source\repos\AggPacketMonitor\AggPacketMonitor\AggPacketMonitor.cpp(555,23): warning C4018: '>': signed/unsigned mismatch
C:\Users\tom.giglia\source\repos\AggPacketMonitor\AggPacketMonitor\AggPacketMonitor.cpp(550,8): warning C4101: 'uiTcpHeaderSize': unreferenced local variable
C:\Users\tom.giglia\source\repos\AggPacketMonitor\AggPacketMonitor\AggPacketMonitor.cpp(718,24): warning C4267: 'initializing': conversion from 'size_t' to 'int', possible loss of data
C:\Users\tom.giglia\source\repos\AggPacketMonitor\AggPacketMonitor\AggPacketMonitor.cpp(824,41): warning C4477: 'sprintf_s' : format string '%lu' requires an argument of type 'unsigned long', but variadic argument 6 has type 'unsigned __int64'
C:\Users\tom.giglia\source\repos\AggPacketMonitor\AggPacketMonitor\AggPacketMonitor.cpp(824,41): message : consider using '%llu' in the format string
C:\Users\tom.giglia\source\repos\AggPacketMonitor\AggPacketMonitor\AggPacketMonitor.cpp(824,41): message : consider using '%Iu' in the format string
C:\Users\tom.giglia\source\repos\AggPacketMonitor\AggPacketMonitor\AggPacketMonitor.cpp(824,41): message : consider using '%I64u' in the format string
C:\Users\tom.giglia\source\repos\AggPacketMonitor\AggPacketMonitor\AggPacketMonitor.cpp(824,41): warning C4477: 'sprintf_s' : format string '%lu' requires an argument of type 'unsigned long', but variadic argument 7 has type 'unsigned __int64'
C:\Users\tom.giglia\source\repos\AggPacketMonitor\AggPacketMonitor\AggPacketMonitor.cpp(824,41): message : consider using '%llu' in the format string
C:\Users\tom.giglia\source\repos\AggPacketMonitor\AggPacketMonitor\AggPacketMonitor.cpp(824,41): message : consider using '%Iu' in the format string
C:\Users\tom.giglia\source\repos\AggPacketMonitor\AggPacketMonitor\AggPacketMonitor.cpp(824,41): message : consider using '%I64u' in the format string
C:\Users\tom.giglia\source\repos\AggPacketMonitor\AggPacketMonitor\AggPacketMonitor.cpp(824,41): warning C4477: 'sprintf_s' : format string '%lu' requires an argument of type 'unsigned long', but variadic argument 8 has type 'unsigned __int64'
C:\Users\tom.giglia\source\repos\AggPacketMonitor\AggPacketMonitor\AggPacketMonitor.cpp(824,41): message : consider using '%llu' in the format string
C:\Users\tom.giglia\source\repos\AggPacketMonitor\AggPacketMonitor\AggPacketMonitor.cpp(824,41): message : consider using '%Iu' in the format string
C:\Users\tom.giglia\source\repos\AggPacketMonitor\AggPacketMonitor\AggPacketMonitor.cpp(824,41): message : consider using '%I64u' in the format string
C:\Users\tom.giglia\source\repos\AggPacketMonitor\AggPacketMonitor\AggPacketMonitor.cpp(824,41): warning C4477: 'sprintf_s' : format string '%lu' requires an argument of type 'unsigned long', but variadic argument 9 has type 'unsigned __int64'
C:\Users\tom.giglia\source\repos\AggPacketMonitor\AggPacketMonitor\AggPacketMonitor.cpp(824,41): message : consider using '%llu' in the format string
C:\Users\tom.giglia\source\repos\AggPacketMonitor\AggPacketMonitor\AggPacketMonitor.cpp(824,41): message : consider using '%Iu' in the format string
C:\Users\tom.giglia\source\repos\AggPacketMonitor\AggPacketMonitor\AggPacketMonitor.cpp(824,41): message : consider using '%I64u' in the format string
C:\Users\tom.giglia\source\repos\AggPacketMonitor\AggPacketMonitor\AggPacketMonitor.cpp(824,41): warning C4477: 'sprintf_s' : format string '%lu' requires an argument of type 'unsigned long', but variadic argument 11 has type 'unsigned __int64'
C:\Users\tom.giglia\source\repos\AggPacketMonitor\AggPacketMonitor\AggPacketMonitor.cpp(824,41): message : consider using '%llu' in the format string
C:\Users\tom.giglia\source\repos\AggPacketMonitor\AggPacketMonitor\AggPacketMonitor.cpp(824,41): message : consider using '%Iu' in the format string
C:\Users\tom.giglia\source\repos\AggPacketMonitor\AggPacketMonitor\AggPacketMonitor.cpp(824,41): message : consider using '%I64u' in the format string
C:\Users\tom.giglia\source\repos\AggPacketMonitor\AggPacketMonitor\AggPacketMonitor.cpp(888,41): warning C4477: 'sprintf_s' : format string '%lu' requires an argument of type 'unsigned long', but variadic argument 6 has type 'unsigned __int64'
C:\Users\tom.giglia\source\repos\AggPacketMonitor\AggPacketMonitor\AggPacketMonitor.cpp(888,41): message : consider using '%llu' in the format string
C:\Users\tom.giglia\source\repos\AggPacketMonitor\AggPacketMonitor\AggPacketMonitor.cpp(888,41): message : consider using '%Iu' in the format string
C:\Users\tom.giglia\source\repos\AggPacketMonitor\AggPacketMonitor\AggPacketMonitor.cpp(888,41): message : consider using '%I64u' in the format string
C:\Users\tom.giglia\source\repos\AggPacketMonitor\AggPacketMonitor\AggPacketMonitor.cpp(888,41): warning C4477: 'sprintf_s' : format string '%lu' requires an argument of type 'unsigned long', but variadic argument 7 has type 'unsigned __int64'
C:\Users\tom.giglia\source\repos\AggPacketMonitor\AggPacketMonitor\AggPacketMonitor.cpp(888,41): message : consider using '%llu' in the format string
C:\Users\tom.giglia\source\repos\AggPacketMonitor\AggPacketMonitor\AggPacketMonitor.cpp(888,41): message : consider using '%Iu' in the format string
C:\Users\tom.giglia\source\repos\AggPacketMonitor\AggPacketMonitor\AggPacketMonitor.cpp(888,41): message : consider using '%I64u' in the format string
C:\Users\tom.giglia\source\repos\AggPacketMonitor\AggPacketMonitor\AggPacketMonitor.cpp(888,41): warning C4477: 'sprintf_s' : format string '%lu' requires an argument of type 'unsigned long', but variadic argument 8 has type 'unsigned __int64'
C:\Users\tom.giglia\source\repos\AggPacketMonitor\AggPacketMonitor\AggPacketMonitor.cpp(888,41): message : consider using '%llu' in the format string
C:\Users\tom.giglia\source\repos\AggPacketMonitor\AggPacketMonitor\AggPacketMonitor.cpp(888,41): message : consider using '%Iu' in the format string
C:\Users\tom.giglia\source\repos\AggPacketMonitor\AggPacketMonitor\AggPacketMonitor.cpp(888,41): message : consider using '%I64u' in the format string
C:\Users\tom.giglia\source\repos\AggPacketMonitor\AggPacketMonitor\AggPacketMonitor.cpp(888,41): warning C4477: 'sprintf_s' : format string '%lu' requires an argument of type 'unsigned long', but variadic argument 9 has type 'unsigned __int64'
C:\Users\tom.giglia\source\repos\AggPacketMonitor\AggPacketMonitor\AggPacketMonitor.cpp(888,41): message : consider using '%llu' in the format string
C:\Users\tom.giglia\source\repos\AggPacketMonitor\AggPacketMonitor\AggPacketMonitor.cpp(888,41): message : consider using '%Iu' in the format string
C:\Users\tom.giglia\source\repos\AggPacketMonitor\AggPacketMonitor\AggPacketMonitor.cpp(888,41): message : consider using '%I64u' in the format string
C:\Users\tom.giglia\source\repos\AggPacketMonitor\AggPacketMonitor\AggPacketMonitor.cpp(938,19): warning C4267: '=': conversion from 'size_t' to 'int', possible loss of data
  AggPacketMonitor.obj : MSIL module encountered; incremental linking is disabled for MSIL; performing full link
AggPacketMonitor.obj : warning LNK4248: unresolved typeref token (0100001A) for 'pcap'; image may not run
  AggPacketMonitor.vcxproj -> C:\Users\tom.giglia\source\repos\AggPacketMonitor\x64\Debug\AggPacketMonitor.exe
