c:\users\tom.giglia\source\repos\aggpacketmonitor\aggpacketmonitor\x64\debug\aggpacketmonitor.pch
c:\users\tom.giglia\source\repos\aggpacketmonitor\aggpacketmonitor\x64\debug\vc142.pdb
c:\users\tom.giglia\source\repos\aggpacketmonitor\aggpacketmonitor\x64\debug\pch.obj
c:\users\tom.giglia\source\repos\aggpacketmonitor\aggpacketmonitor\x64\debug\wsfirstbyteorder.obj
c:\users\tom.giglia\source\repos\aggpacketmonitor\aggpacketmonitor\x64\debug\writeframetodisk.obj
c:\users\tom.giglia\source\repos\aggpacketmonitor\aggpacketmonitor\x64\debug\cbitmasking.obj
c:\users\tom.giglia\source\repos\aggpacketmonitor\aggpacketmonitor\x64\debug\assemblyinfo.obj
c:\users\tom.giglia\source\repos\aggpacketmonitor\aggpacketmonitor\x64\debug\analyzewebsocketframe.obj
c:\users\tom.giglia\source\repos\aggpacketmonitor\aggpacketmonitor\x64\debug\aggpacketmonitor.obj
c:\users\tom.giglia\source\repos\aggpacketmonitor\aggpacketmonitor\x64\debug\tcpframeinspector.obj
c:\users\tom.giglia\source\repos\aggpacketmonitor\aggpacketmonitor\x64\debug\trackgarbledmessage.obj
c:\users\tom.giglia\source\repos\aggpacketmonitor\aggpacketmonitor\x64\debug\mtreportrecmap.obj
c:\users\tom.giglia\source\repos\aggpacketmonitor\aggpacketmonitor\x64\debug\.netframework,version=v4.7.assemblyattributes.obj
c:\users\tom.giglia\source\repos\aggpacketmonitor\aggpacketmonitor\x64\debug\.netframework,version=v4.7.assemblyattributes.asm
c:\users\tom.giglia\source\repos\aggpacketmonitor\x64\debug\aggpacketmonitor.exe
c:\users\tom.giglia\source\repos\aggpacketmonitor\x64\debug\aggpacketmonitor.pdb
c:\users\tom.giglia\source\repos\aggpacketmonitor\aggpacketmonitor\x64\debug\app.res
c:\users\tom.giglia\source\repos\aggpacketmonitor\aggpacketmonitor\x64\debug\aggpacketmonitor.vcxprojassemblyreference.cache
c:\users\tom.giglia\source\repos\aggpacketmonitor\aggpacketmonitor\x64\debug\aggpacketmonitor.tlog\cl.command.1.tlog
c:\users\tom.giglia\source\repos\aggpacketmonitor\aggpacketmonitor\x64\debug\aggpacketmonitor.tlog\cl.read.1.tlog
c:\users\tom.giglia\source\repos\aggpacketmonitor\aggpacketmonitor\x64\debug\aggpacketmonitor.tlog\cl.write.1.tlog
c:\users\tom.giglia\source\repos\aggpacketmonitor\aggpacketmonitor\x64\debug\aggpacketmonitor.tlog\link.10784.delete.1.tlog
c:\users\tom.giglia\source\repos\aggpacketmonitor\aggpacketmonitor\x64\debug\aggpacketmonitor.tlog\link.11644.delete.1.tlog
c:\users\tom.giglia\source\repos\aggpacketmonitor\aggpacketmonitor\x64\debug\aggpacketmonitor.tlog\link.11692.delete.1.tlog
c:\users\tom.giglia\source\repos\aggpacketmonitor\aggpacketmonitor\x64\debug\aggpacketmonitor.tlog\link.12628.delete.1.tlog
c:\users\tom.giglia\source\repos\aggpacketmonitor\aggpacketmonitor\x64\debug\aggpacketmonitor.tlog\link.12680.delete.1.tlog
c:\users\tom.giglia\source\repos\aggpacketmonitor\aggpacketmonitor\x64\debug\aggpacketmonitor.tlog\link.12976.delete.1.tlog
c:\users\tom.giglia\source\repos\aggpacketmonitor\aggpacketmonitor\x64\debug\aggpacketmonitor.tlog\link.1300.delete.1.tlog
c:\users\tom.giglia\source\repos\aggpacketmonitor\aggpacketmonitor\x64\debug\aggpacketmonitor.tlog\link.13444.delete.1.tlog
c:\users\tom.giglia\source\repos\aggpacketmonitor\aggpacketmonitor\x64\debug\aggpacketmonitor.tlog\link.13620.delete.1.tlog
c:\users\tom.giglia\source\repos\aggpacketmonitor\aggpacketmonitor\x64\debug\aggpacketmonitor.tlog\link.13828.delete.1.tlog
c:\users\tom.giglia\source\repos\aggpacketmonitor\aggpacketmonitor\x64\debug\aggpacketmonitor.tlog\link.13892.delete.1.tlog
c:\users\tom.giglia\source\repos\aggpacketmonitor\aggpacketmonitor\x64\debug\aggpacketmonitor.tlog\link.14260.delete.1.tlog
c:\users\tom.giglia\source\repos\aggpacketmonitor\aggpacketmonitor\x64\debug\aggpacketmonitor.tlog\link.14360.delete.1.tlog
c:\users\tom.giglia\source\repos\aggpacketmonitor\aggpacketmonitor\x64\debug\aggpacketmonitor.tlog\link.14472.delete.1.tlog
c:\users\tom.giglia\source\repos\aggpacketmonitor\aggpacketmonitor\x64\debug\aggpacketmonitor.tlog\link.14652.delete.1.tlog
c:\users\tom.giglia\source\repos\aggpacketmonitor\aggpacketmonitor\x64\debug\aggpacketmonitor.tlog\link.14660.delete.1.tlog
c:\users\tom.giglia\source\repos\aggpacketmonitor\aggpacketmonitor\x64\debug\aggpacketmonitor.tlog\link.14896.delete.1.tlog
c:\users\tom.giglia\source\repos\aggpacketmonitor\aggpacketmonitor\x64\debug\aggpacketmonitor.tlog\link.15168.delete.1.tlog
c:\users\tom.giglia\source\repos\aggpacketmonitor\aggpacketmonitor\x64\debug\aggpacketmonitor.tlog\link.15336.delete.1.tlog
c:\users\tom.giglia\source\repos\aggpacketmonitor\aggpacketmonitor\x64\debug\aggpacketmonitor.tlog\link.16264.delete.1.tlog
c:\users\tom.giglia\source\repos\aggpacketmonitor\aggpacketmonitor\x64\debug\aggpacketmonitor.tlog\link.16656.delete.1.tlog
c:\users\tom.giglia\source\repos\aggpacketmonitor\aggpacketmonitor\x64\debug\aggpacketmonitor.tlog\link.17056.delete.1.tlog
c:\users\tom.giglia\source\repos\aggpacketmonitor\aggpacketmonitor\x64\debug\aggpacketmonitor.tlog\link.17300.delete.1.tlog
c:\users\tom.giglia\source\repos\aggpacketmonitor\aggpacketmonitor\x64\debug\aggpacketmonitor.tlog\link.17380.delete.1.tlog
c:\users\tom.giglia\source\repos\aggpacketmonitor\aggpacketmonitor\x64\debug\aggpacketmonitor.tlog\link.17456.delete.1.tlog
c:\users\tom.giglia\source\repos\aggpacketmonitor\aggpacketmonitor\x64\debug\aggpacketmonitor.tlog\link.17888.delete.1.tlog
c:\users\tom.giglia\source\repos\aggpacketmonitor\aggpacketmonitor\x64\debug\aggpacketmonitor.tlog\link.18076.delete.1.tlog
c:\users\tom.giglia\source\repos\aggpacketmonitor\aggpacketmonitor\x64\debug\aggpacketmonitor.tlog\link.18160.delete.1.tlog
c:\users\tom.giglia\source\repos\aggpacketmonitor\aggpacketmonitor\x64\debug\aggpacketmonitor.tlog\link.18204.delete.1.tlog
c:\users\tom.giglia\source\repos\aggpacketmonitor\aggpacketmonitor\x64\debug\aggpacketmonitor.tlog\link.18660.delete.1.tlog
c:\users\tom.giglia\source\repos\aggpacketmonitor\aggpacketmonitor\x64\debug\aggpacketmonitor.tlog\link.18692.delete.1.tlog
c:\users\tom.giglia\source\repos\aggpacketmonitor\aggpacketmonitor\x64\debug\aggpacketmonitor.tlog\link.18872.delete.1.tlog
c:\users\tom.giglia\source\repos\aggpacketmonitor\aggpacketmonitor\x64\debug\aggpacketmonitor.tlog\link.18912.delete.1.tlog
c:\users\tom.giglia\source\repos\aggpacketmonitor\aggpacketmonitor\x64\debug\aggpacketmonitor.tlog\link.1928.delete.1.tlog
c:\users\tom.giglia\source\repos\aggpacketmonitor\aggpacketmonitor\x64\debug\aggpacketmonitor.tlog\link.19404.delete.1.tlog
c:\users\tom.giglia\source\repos\aggpacketmonitor\aggpacketmonitor\x64\debug\aggpacketmonitor.tlog\link.20028.delete.1.tlog
c:\users\tom.giglia\source\repos\aggpacketmonitor\aggpacketmonitor\x64\debug\aggpacketmonitor.tlog\link.20540.delete.1.tlog
c:\users\tom.giglia\source\repos\aggpacketmonitor\aggpacketmonitor\x64\debug\aggpacketmonitor.tlog\link.20668.delete.1.tlog
c:\users\tom.giglia\source\repos\aggpacketmonitor\aggpacketmonitor\x64\debug\aggpacketmonitor.tlog\link.20828.delete.1.tlog
c:\users\tom.giglia\source\repos\aggpacketmonitor\aggpacketmonitor\x64\debug\aggpacketmonitor.tlog\link.20920.delete.1.tlog
c:\users\tom.giglia\source\repos\aggpacketmonitor\aggpacketmonitor\x64\debug\aggpacketmonitor.tlog\link.21060.delete.1.tlog
c:\users\tom.giglia\source\repos\aggpacketmonitor\aggpacketmonitor\x64\debug\aggpacketmonitor.tlog\link.21464.delete.1.tlog
c:\users\tom.giglia\source\repos\aggpacketmonitor\aggpacketmonitor\x64\debug\aggpacketmonitor.tlog\link.21728.delete.1.tlog
c:\users\tom.giglia\source\repos\aggpacketmonitor\aggpacketmonitor\x64\debug\aggpacketmonitor.tlog\link.21772.delete.1.tlog
c:\users\tom.giglia\source\repos\aggpacketmonitor\aggpacketmonitor\x64\debug\aggpacketmonitor.tlog\link.2192.delete.1.tlog
c:\users\tom.giglia\source\repos\aggpacketmonitor\aggpacketmonitor\x64\debug\aggpacketmonitor.tlog\link.22452.delete.1.tlog
c:\users\tom.giglia\source\repos\aggpacketmonitor\aggpacketmonitor\x64\debug\aggpacketmonitor.tlog\link.22476.delete.1.tlog
c:\users\tom.giglia\source\repos\aggpacketmonitor\aggpacketmonitor\x64\debug\aggpacketmonitor.tlog\link.22740.delete.1.tlog
c:\users\tom.giglia\source\repos\aggpacketmonitor\aggpacketmonitor\x64\debug\aggpacketmonitor.tlog\link.23072.delete.1.tlog
c:\users\tom.giglia\source\repos\aggpacketmonitor\aggpacketmonitor\x64\debug\aggpacketmonitor.tlog\link.23356.delete.1.tlog
c:\users\tom.giglia\source\repos\aggpacketmonitor\aggpacketmonitor\x64\debug\aggpacketmonitor.tlog\link.23368.delete.1.tlog
c:\users\tom.giglia\source\repos\aggpacketmonitor\aggpacketmonitor\x64\debug\aggpacketmonitor.tlog\link.23496.delete.1.tlog
c:\users\tom.giglia\source\repos\aggpacketmonitor\aggpacketmonitor\x64\debug\aggpacketmonitor.tlog\link.23652.delete.1.tlog
c:\users\tom.giglia\source\repos\aggpacketmonitor\aggpacketmonitor\x64\debug\aggpacketmonitor.tlog\link.24180.delete.1.tlog
c:\users\tom.giglia\source\repos\aggpacketmonitor\aggpacketmonitor\x64\debug\aggpacketmonitor.tlog\link.24296.delete.1.tlog
c:\users\tom.giglia\source\repos\aggpacketmonitor\aggpacketmonitor\x64\debug\aggpacketmonitor.tlog\link.24556.delete.1.tlog
c:\users\tom.giglia\source\repos\aggpacketmonitor\aggpacketmonitor\x64\debug\aggpacketmonitor.tlog\link.24744.delete.1.tlog
c:\users\tom.giglia\source\repos\aggpacketmonitor\aggpacketmonitor\x64\debug\aggpacketmonitor.tlog\link.24776.delete.1.tlog
c:\users\tom.giglia\source\repos\aggpacketmonitor\aggpacketmonitor\x64\debug\aggpacketmonitor.tlog\link.24928.delete.1.tlog
c:\users\tom.giglia\source\repos\aggpacketmonitor\aggpacketmonitor\x64\debug\aggpacketmonitor.tlog\link.25132.delete.1.tlog
c:\users\tom.giglia\source\repos\aggpacketmonitor\aggpacketmonitor\x64\debug\aggpacketmonitor.tlog\link.25320.delete.1.tlog
c:\users\tom.giglia\source\repos\aggpacketmonitor\aggpacketmonitor\x64\debug\aggpacketmonitor.tlog\link.25952.delete.1.tlog
c:\users\tom.giglia\source\repos\aggpacketmonitor\aggpacketmonitor\x64\debug\aggpacketmonitor.tlog\link.26000.delete.1.tlog
c:\users\tom.giglia\source\repos\aggpacketmonitor\aggpacketmonitor\x64\debug\aggpacketmonitor.tlog\link.26080.delete.1.tlog
c:\users\tom.giglia\source\repos\aggpacketmonitor\aggpacketmonitor\x64\debug\aggpacketmonitor.tlog\link.26092.delete.1.tlog
c:\users\tom.giglia\source\repos\aggpacketmonitor\aggpacketmonitor\x64\debug\aggpacketmonitor.tlog\link.26112.delete.1.tlog
c:\users\tom.giglia\source\repos\aggpacketmonitor\aggpacketmonitor\x64\debug\aggpacketmonitor.tlog\link.26200.delete.1.tlog
c:\users\tom.giglia\source\repos\aggpacketmonitor\aggpacketmonitor\x64\debug\aggpacketmonitor.tlog\link.26372.delete.1.tlog
c:\users\tom.giglia\source\repos\aggpacketmonitor\aggpacketmonitor\x64\debug\aggpacketmonitor.tlog\link.26416.delete.1.tlog
c:\users\tom.giglia\source\repos\aggpacketmonitor\aggpacketmonitor\x64\debug\aggpacketmonitor.tlog\link.26448.delete.1.tlog
c:\users\tom.giglia\source\repos\aggpacketmonitor\aggpacketmonitor\x64\debug\aggpacketmonitor.tlog\link.26500.delete.1.tlog
c:\users\tom.giglia\source\repos\aggpacketmonitor\aggpacketmonitor\x64\debug\aggpacketmonitor.tlog\link.26508.delete.1.tlog
c:\users\tom.giglia\source\repos\aggpacketmonitor\aggpacketmonitor\x64\debug\aggpacketmonitor.tlog\link.26596.delete.1.tlog
c:\users\tom.giglia\source\repos\aggpacketmonitor\aggpacketmonitor\x64\debug\aggpacketmonitor.tlog\link.26636.delete.1.tlog
c:\users\tom.giglia\source\repos\aggpacketmonitor\aggpacketmonitor\x64\debug\aggpacketmonitor.tlog\link.27004.delete.1.tlog
c:\users\tom.giglia\source\repos\aggpacketmonitor\aggpacketmonitor\x64\debug\aggpacketmonitor.tlog\link.27056.delete.1.tlog
c:\users\tom.giglia\source\repos\aggpacketmonitor\aggpacketmonitor\x64\debug\aggpacketmonitor.tlog\link.27560.delete.1.tlog
c:\users\tom.giglia\source\repos\aggpacketmonitor\aggpacketmonitor\x64\debug\aggpacketmonitor.tlog\link.27608.delete.1.tlog
c:\users\tom.giglia\source\repos\aggpacketmonitor\aggpacketmonitor\x64\debug\aggpacketmonitor.tlog\link.27868.delete.1.tlog
c:\users\tom.giglia\source\repos\aggpacketmonitor\aggpacketmonitor\x64\debug\aggpacketmonitor.tlog\link.29084.delete.1.tlog
c:\users\tom.giglia\source\repos\aggpacketmonitor\aggpacketmonitor\x64\debug\aggpacketmonitor.tlog\link.30304.delete.1.tlog
c:\users\tom.giglia\source\repos\aggpacketmonitor\aggpacketmonitor\x64\debug\aggpacketmonitor.tlog\link.3076.delete.1.tlog
c:\users\tom.giglia\source\repos\aggpacketmonitor\aggpacketmonitor\x64\debug\aggpacketmonitor.tlog\link.4248.delete.1.tlog
c:\users\tom.giglia\source\repos\aggpacketmonitor\aggpacketmonitor\x64\debug\aggpacketmonitor.tlog\link.5252.delete.1.tlog
c:\users\tom.giglia\source\repos\aggpacketmonitor\aggpacketmonitor\x64\debug\aggpacketmonitor.tlog\link.5700.delete.1.tlog
c:\users\tom.giglia\source\repos\aggpacketmonitor\aggpacketmonitor\x64\debug\aggpacketmonitor.tlog\link.6676.delete.1.tlog
c:\users\tom.giglia\source\repos\aggpacketmonitor\aggpacketmonitor\x64\debug\aggpacketmonitor.tlog\link.7068.delete.1.tlog
c:\users\tom.giglia\source\repos\aggpacketmonitor\aggpacketmonitor\x64\debug\aggpacketmonitor.tlog\link.7216.delete.1.tlog
c:\users\tom.giglia\source\repos\aggpacketmonitor\aggpacketmonitor\x64\debug\aggpacketmonitor.tlog\link.7832.delete.1.tlog
c:\users\tom.giglia\source\repos\aggpacketmonitor\aggpacketmonitor\x64\debug\aggpacketmonitor.tlog\link.7980.delete.1.tlog
c:\users\tom.giglia\source\repos\aggpacketmonitor\aggpacketmonitor\x64\debug\aggpacketmonitor.tlog\link.8112.delete.1.tlog
c:\users\tom.giglia\source\repos\aggpacketmonitor\aggpacketmonitor\x64\debug\aggpacketmonitor.tlog\link.8152.delete.1.tlog
c:\users\tom.giglia\source\repos\aggpacketmonitor\aggpacketmonitor\x64\debug\aggpacketmonitor.tlog\link.8352.delete.1.tlog
c:\users\tom.giglia\source\repos\aggpacketmonitor\aggpacketmonitor\x64\debug\aggpacketmonitor.tlog\link.8488.delete.1.tlog
c:\users\tom.giglia\source\repos\aggpacketmonitor\aggpacketmonitor\x64\debug\aggpacketmonitor.tlog\link.8864.delete.1.tlog
c:\users\tom.giglia\source\repos\aggpacketmonitor\aggpacketmonitor\x64\debug\aggpacketmonitor.tlog\link.8988.delete.1.tlog
c:\users\tom.giglia\source\repos\aggpacketmonitor\aggpacketmonitor\x64\debug\aggpacketmonitor.tlog\link.9628.delete.1.tlog
c:\users\tom.giglia\source\repos\aggpacketmonitor\aggpacketmonitor\x64\debug\aggpacketmonitor.tlog\link.9732.delete.1.tlog
c:\users\tom.giglia\source\repos\aggpacketmonitor\aggpacketmonitor\x64\debug\aggpacketmonitor.tlog\link.command.1.tlog
c:\users\tom.giglia\source\repos\aggpacketmonitor\aggpacketmonitor\x64\debug\aggpacketmonitor.tlog\link.read.1.tlog
c:\users\tom.giglia\source\repos\aggpacketmonitor\aggpacketmonitor\x64\debug\aggpacketmonitor.tlog\link.write.1.tlog
c:\users\tom.giglia\source\repos\aggpacketmonitor\aggpacketmonitor\x64\debug\aggpacketmonitor.tlog\metagen.read.1.tlog
c:\users\tom.giglia\source\repos\aggpacketmonitor\aggpacketmonitor\x64\debug\aggpacketmonitor.tlog\metagen.write.1.tlog
c:\users\tom.giglia\source\repos\aggpacketmonitor\aggpacketmonitor\x64\debug\aggpacketmonitor.tlog\rc.command.1.tlog
c:\users\tom.giglia\source\repos\aggpacketmonitor\aggpacketmonitor\x64\debug\aggpacketmonitor.tlog\rc.read.1.tlog
c:\users\tom.giglia\source\repos\aggpacketmonitor\aggpacketmonitor\x64\debug\aggpacketmonitor.tlog\rc.write.1.tlog
